<?xml version="1.0" encoding="UTF-8"?>
<!-- Generated by org.testng.reporters.JUnitXMLReporter -->
<testsuite hostname="Krishnas-MacBook-Pro.local" ignored="0" name="Test" tests="2" failures="0" timestamp="24 Sep 2017 12:19:01 GMT" time="0.054" errors="0">
  <testcase name="@BeforeSuite init" time="26.152" classname="com.automationtesting.basetest.BaseTest">
    <failure type="org.openqa.selenium.WebDriverException" message="Reached error page: about:neterror?e=dnsNotFound&amp;amp;u=http%3A//devpractice.automationtesting.in/&amp;amp;c=UTF-8&amp;amp;f=regular&amp;amp;d=Firefox%20can%E2%80%99t%20find%20the%20server%20at%20devpractice.automationtesting.in.
Build info: version: &amp;apos;3.5.3&amp;apos;, revision: &amp;apos;a88d25fe6b&amp;apos;, time: &amp;apos;2017-08-29T12:42:44.417Z&amp;apos;
System info: host: &amp;apos;Krishnas-MacBook-Pro.local&amp;apos;, ip: &amp;apos;fe80:0:0:0:414:f4fa:cd76:ba4d%en0&amp;apos;, os.name: &amp;apos;Mac OS X&amp;apos;, os.arch: &amp;apos;x86_64&amp;apos;, os.version: &amp;apos;10.12.6&amp;apos;, java.version: &amp;apos;1.8.0_101&amp;apos;
Driver info: org.openqa.selenium.firefox.FirefoxDriver
Capabilities [{moz:profile=/var/folders/qv/31jvty150mqc8l_r7rbzbg080000gn/T/rust_mozprofile.MBm5jTBS5v4A, rotatable=false, timeouts={implicit=0, pageLoad=300000, script=30000}, pageLoadStrategy=normal, platform=MAC, specificationLevel=0, moz:accessibilityChecks=false, acceptInsecureCerts=false, browserVersion=55.0.3, platformVersion=16.7.0, moz:processID=6811, browserName=firefox, javascriptEnabled=true, platformName=MAC}]
Session ID: 005fd14f-c90c-9747-aaea-605990d72827">
      <![CDATA[org.openqa.selenium.WebDriverException: Reached error page: about:neterror?e=dnsNotFound&u=http%3A//devpractice.automationtesting.in/&c=UTF-8&f=regular&d=Firefox%20can%E2%80%99t%20find%20the%20server%20at%20devpractice.automationtesting.in.
Build info: version: '3.5.3', revision: 'a88d25fe6b', time: '2017-08-29T12:42:44.417Z'
System info: host: 'Krishnas-MacBook-Pro.local', ip: 'fe80:0:0:0:414:f4fa:cd76:ba4d%en0', os.name: 'Mac OS X', os.arch: 'x86_64', os.version: '10.12.6', java.version: '1.8.0_101'
Driver info: org.openqa.selenium.firefox.FirefoxDriver
Capabilities [{moz:profile=/var/folders/qv/31jvty150mqc8l_r7rbzbg080000gn/T/rust_mozprofile.MBm5jTBS5v4A, rotatable=false, timeouts={implicit=0, pageLoad=300000, script=30000}, pageLoadStrategy=normal, platform=MAC, specificationLevel=0, moz:accessibilityChecks=false, acceptInsecureCerts=false, browserVersion=55.0.3, platformVersion=16.7.0, moz:processID=6811, browserName=firefox, javascriptEnabled=true, platformName=MAC}]
Session ID: 005fd14f-c90c-9747-aaea-605990d72827
	at org.openqa.selenium.remote.http.W3CHttpResponseCodec.createException(W3CHttpResponseCodec.java:185)
	at org.openqa.selenium.remote.http.W3CHttpResponseCodec.decode(W3CHttpResponseCodec.java:120)
	at org.openqa.selenium.remote.http.W3CHttpResponseCodec.decode(W3CHttpResponseCodec.java:49)
	at org.openqa.selenium.remote.HttpCommandExecutor.execute(HttpCommandExecutor.java:164)
	at org.openqa.selenium.remote.service.DriverCommandExecutor.execute(DriverCommandExecutor.java:82)
	at org.openqa.selenium.remote.RemoteWebDriver.execute(RemoteWebDriver.java:646)
	at org.openqa.selenium.remote.RemoteWebDriver.get(RemoteWebDriver.java:370)
	at com.automationtesting.basetest.BaseTest.init(BaseTest.java:100)
... Removed 23 stack frames]]>
    </failure>
  </testcase> <!-- @BeforeSuite init -->
  <testcase name="carousel" time="0.0" classname="com.automationtesting.testcases.PlaceOrderTest">
    <skipped/>
  </testcase> <!-- carousel -->
  <testcase name="placeOrder" time="0.0" classname="com.automationtesting.testcases.PlaceOrderTest">
    <skipped/>
  </testcase> <!-- placeOrder -->
</testsuite> <!-- Test -->
