<?xml version="1.0" encoding="UTF-8"?>
<!-- Generated by org.testng.reporters.JUnitXMLReporter -->
<testsuite hostname="Krishnas-MacBook-Pro.local" ignored="2" name="Command line test" tests="2" failures="1" timestamp="19 Sep 2017 01:29:28 GMT" time="0.028" errors="0">
  <testcase name="@AfterMethod getResult" time="0.005" classname="com.automationtesting.basetest.BaseTest">
    <failure type="java.lang.NullPointerException">
      <![CDATA[java.lang.NullPointerException
	at com.automationtesting.basetest.BaseTest.getResult(BaseTest.java:81)
... Removed 37 stack frames]]>
    </failure>
  </testcase> <!-- @AfterMethod getResult -->
  <testcase name="carousel" time="0.001" classname="com.automationtesting.testcases.PlaceOrderTest">
    <failure type="java.lang.NullPointerException">
      <![CDATA[java.lang.NullPointerException
	at com.automationtesting.testcases.PlaceOrderTest.carousel(PlaceOrderTest.java:37)
... Removed 35 stack frames]]>
    </failure>
  </testcase> <!-- carousel -->
  <testcase name="placeOrder" time="0.001" classname="com.automationtesting.testcases.PlaceOrderTest">
    <skipped/>
  </testcase> <!-- placeOrder -->
  <testcase name="@AfterSuite tearDown" time="0.0" classname="com.automationtesting.basetest.BaseTest">
    <ignored/>
  </testcase> <!-- @AfterSuite tearDown -->
  <testcase name="@BeforeSuite init" time="0.0" classname="com.automationtesting.basetest.BaseTest">
    <ignored/>
  </testcase> <!-- @BeforeSuite init -->
</testsuite> <!-- Command line test -->
