<?xml version="1.0" encoding="UTF-8"?>
<!-- Generated by org.testng.reporters.JUnitXMLReporter -->
<testsuite hostname="Krishnas-MacBook-Pro.local" ignored="0" name="Test" tests="2" failures="1" timestamp="24 Sep 2017 09:31:06 GMT" time="25.155" errors="0">
  <testcase name="carousel" time="0.059" classname="com.automationtesting.testcases.PlaceOrderTest">
    <failure type="java.lang.AssertionError" message="expected [Title] but found [Automation Practice Site]">
      <![CDATA[java.lang.AssertionError: expected [Title] but found [Automation Practice Site]
	at com.automationtesting.basetest.BaseTest.verifyTitle(BaseTest.java:107)
	at com.automationtesting.testcases.PlaceOrderTest.carousel(PlaceOrderTest.java:50)
... Removed 35 stack frames]]>
    </failure>
  </testcase> <!-- carousel -->
  <testcase name="placeOrder" time="24.568" classname="com.automationtesting.testcases.PlaceOrderTest"/>
</testsuite> <!-- Test -->
