<?xml version="1.0" encoding="UTF-8"?>
<testsuite xmlns:xsi="http://www.w3.org/2001/XMLSchema-instance" xsi:noNamespaceSchemaLocation="https://maven.apache.org/surefire/maven-surefire-plugin/xsd/surefire-test-report.xsd" name="TestSuite" time="17.219" tests="4" errors="0" skipped="3" failures="1">
  <properties>
[...]
</properties>
  <testcase name="init" classname="com.automationtesting.testcases.PlaceOrderTest" time="17.025">
    <failure message="Reached error page: about:neterror?e=dnsNotFound&amp;u=http%3A//qapractice.automationtesting.in/&amp;c=UTF-8&amp;f=regular&amp;d=Firefox%20can%E2%80%99t%20find%20the%20server%20at%20qapractice.automationtesting.in.&#10;Build info: version: &apos;3.5.3&apos;, revision: &apos;a88d25fe6b&apos;, time: &apos;2017-08-29T12:42:44.417Z&apos;&#10;System info: host: &apos;Krishnas-MacBook-Pro.local&apos;, ip: &apos;fe80:0:0:0:414:f4fa:cd76:ba4d%en0&apos;, os.name: &apos;Mac OS X&apos;, os.arch: &apos;x86_64&apos;, os.version: &apos;10.12.6&apos;, java.version: &apos;1.8.0_101&apos;&#10;Driver info: org.openqa.selenium.firefox.FirefoxDriver&#10;Capabilities [{moz:profile=/var/folders/qv/31jvty150mqc8l_r7rbzbg080000gn/T/rust_mozprofile.kCaRNw8x9Km8, rotatable=false, timeouts={implicit=0, pageLoad=300000, script=30000}, pageLoadStrategy=normal, platform=MAC, specificationLevel=0, moz:accessibilityChecks=false, acceptInsecureCerts=false, browserVersion=55.0.3, platformVersion=16.7.0, moz:processID=7947, browserName=firefox, javascriptEnabled=true, platformName=MAC}]&#10;Session ID: 578b0bcf-b844-664c-bda3-4743bb751114" type="org.openqa.selenium.WebDriverException"><![CDATA[org.openqa.selenium.WebDriverException: 
Reached error page: about:neterror?e=dnsNotFound&u=http%3A//qapractice.automationtesting.in/&c=UTF-8&f=regular&d=Firefox%20can%E2%80%99t%20find%20the%20server%20at%20qapractice.automationtesting.in.
Build info: version: '3.5.3', revision: 'a88d25fe6b', time: '2017-08-29T12:42:44.417Z'
System info: host: 'Krishnas-MacBook-Pro.local', ip: 'fe80:0:0:0:414:f4fa:cd76:ba4d%en0', os.name: 'Mac OS X', os.arch: 'x86_64', os.version: '10.12.6', java.version: '1.8.0_101'
Driver info: org.openqa.selenium.firefox.FirefoxDriver
Capabilities [{moz:profile=/var/folders/qv/31jvty150mqc8l_r7rbzbg080000gn/T/rust_mozprofile.kCaRNw8x9Km8, rotatable=false, timeouts={implicit=0, pageLoad=300000, script=30000}, pageLoadStrategy=normal, platform=MAC, specificationLevel=0, moz:accessibilityChecks=false, acceptInsecureCerts=false, browserVersion=55.0.3, platformVersion=16.7.0, moz:processID=7947, browserName=firefox, javascriptEnabled=true, platformName=MAC}]
Session ID: 578b0bcf-b844-664c-bda3-4743bb751114
]]></failure>
    <system-out><![CDATA[POM Browser is: firefox
POM Environment is: qa
]]></system-out>
    <system-err><![CDATA[1506258064536	geckodriver	INFO	Listening on 127.0.0.1:13757
1506258068147	geckodriver::marionette	INFO	Starting browser /Applications/Firefox.app/Contents/MacOS/firefox-bin with args ["-marionette"]
1506258070473	addons.xpi	WARN	Error parsing extensions state: [Exception... "Component returned failure code: 0x80520012 (NS_ERROR_FILE_NOT_FOUND) [amIAddonManagerStartup.readStartupData]"  nsresult: "0x80520012 (NS_ERROR_FILE_NOT_FOUND)"  location: "JS frame :: resource://gre/modules/addons/XPIProvider.jsm :: loadExtensionState :: line 1596"  data: no] Stack trace: loadExtensionState()@resource://gre/modules/addons/XPIProvider.jsm:1596 < getInstallState()@resource://gre/modules/addons/XPIProvider.jsm:1631 < checkForChanges()@resource://gre/modules/addons/XPIProvider.jsm:3152 < startup()@resource://gre/modules/addons/XPIProvider.jsm:2246 < callProvider()@resource://gre/modules/AddonManager.jsm:271 < _startProvider()@resource://gre/modules/AddonManager.jsm:741 < startup()@resource://gre/modules/AddonManager.jsm:908 < startup()@resource://gre/modules/AddonManager.jsm:3122 < observe()@jar:file:///Applications/Firefox.app/Contents/Resources/omni.ja!/components/addonManager.js:65
1506258071531	Marionette	INFO	Enabled via --marionette
1506258077017	Marionette	INFO	Listening on port 54559
JavaScript error: chrome://marionette/content/server.js, line 337: NS_ERROR_SOCKET_ADDRESS_IN_USE: Component returned failure code: 0x804b0036 (NS_ERROR_SOCKET_ADDRESS_IN_USE) [nsIServerSocket.initSpecialConnection]
1506258077350	Marionette	DEBUG	loaded listener.js
2017-09-24 18:31:17.509 plugin-container[7957:186272] *** CFMessagePort: bootstrap_register(): failed 1100 (0x44c) 'Permission denied', port = 0xa337, name = 'com.apple.tsm.portname'
See /usr/include/servers/bootstrap_defs.h for the error codes.
2017-09-24 18:31:17.510 plugin-container[7957:186272] *** CFMessagePort: bootstrap_register(): failed 1100 (0x44c) 'Permission denied', port = 0xa803, name = 'com.apple.CFPasteboardClient'
See /usr/include/servers/bootstrap_defs.h for the error codes.
Sep 24, 2017 6:31:17 PM org.openqa.selenium.remote.ProtocolHandshake createSession
INFO: Detected dialect: W3C
1506258077623	Marionette	DEBUG	Received DOM event "beforeunload" for "about:blank"
1506258077841	Marionette	DEBUG	Received DOM event "beforeunload" for "about:blank"
1506258077876	Marionette	DEBUG	Received DOM event "pagehide" for "about:blank"
1506258077877	Marionette	DEBUG	Received DOM event "unload" for "about:blank"
1506258078035	Marionette	DEBUG	Received DOM event "DOMContentLoaded" for "about:neterror?e=dnsNotFound&u=http%3A//qapractice.automationtesting.in/&c=UTF-8&f=regular&d=Firefox%20can%E2%80%99t%20find%20the%20server%20at%20qapractice.automationtesting.in."
]]></system-err>
  </testcase>
  <testcase name="carousel" classname="com.automationtesting.testcases.PlaceOrderTest" time="0">
    <skipped message="Reached error page: about:neterror?e=dnsNotFound&amp;u=http%3A//qapractice.automationtesting.in/&amp;c=UTF-8&amp;f=regular&amp;d=Firefox%20can%E2%80%99t%20find%20the%20server%20at%20qapractice.automationtesting.in.&#10;Build info: version: &apos;3.5.3&apos;, revision: &apos;a88d25fe6b&apos;, time: &apos;2017-08-29T12:42:44.417Z&apos;&#10;System info: host: &apos;Krishnas-MacBook-Pro.local&apos;, ip: &apos;fe80:0:0:0:414:f4fa:cd76:ba4d%en0&apos;, os.name: &apos;Mac OS X&apos;, os.arch: &apos;x86_64&apos;, os.version: &apos;10.12.6&apos;, java.version: &apos;1.8.0_101&apos;&#10;Driver info: org.openqa.selenium.firefox.FirefoxDriver&#10;Capabilities [{moz:profile=/var/folders/qv/31jvty150mqc8l_r7rbzbg080000gn/T/rust_mozprofile.kCaRNw8x9Km8, rotatable=false, timeouts={implicit=0, pageLoad=300000, script=30000}, pageLoadStrategy=normal, platform=MAC, specificationLevel=0, moz:accessibilityChecks=false, acceptInsecureCerts=false, browserVersion=55.0.3, platformVersion=16.7.0, moz:processID=7947, browserName=firefox, javascriptEnabled=true, platformName=MAC}]&#10;Session ID: 578b0bcf-b844-664c-bda3-4743bb751114"/>
  </testcase>
  <testcase name="placeOrder" classname="com.automationtesting.testcases.PlaceOrderTest" time="0">
    <skipped message="Reached error page: about:neterror?e=dnsNotFound&amp;u=http%3A//qapractice.automationtesting.in/&amp;c=UTF-8&amp;f=regular&amp;d=Firefox%20can%E2%80%99t%20find%20the%20server%20at%20qapractice.automationtesting.in.&#10;Build info: version: &apos;3.5.3&apos;, revision: &apos;a88d25fe6b&apos;, time: &apos;2017-08-29T12:42:44.417Z&apos;&#10;System info: host: &apos;Krishnas-MacBook-Pro.local&apos;, ip: &apos;fe80:0:0:0:414:f4fa:cd76:ba4d%en0&apos;, os.name: &apos;Mac OS X&apos;, os.arch: &apos;x86_64&apos;, os.version: &apos;10.12.6&apos;, java.version: &apos;1.8.0_101&apos;&#10;Driver info: org.openqa.selenium.firefox.FirefoxDriver&#10;Capabilities [{moz:profile=/var/folders/qv/31jvty150mqc8l_r7rbzbg080000gn/T/rust_mozprofile.kCaRNw8x9Km8, rotatable=false, timeouts={implicit=0, pageLoad=300000, script=30000}, pageLoadStrategy=normal, platform=MAC, specificationLevel=0, moz:accessibilityChecks=false, acceptInsecureCerts=false, browserVersion=55.0.3, platformVersion=16.7.0, moz:processID=7947, browserName=firefox, javascriptEnabled=true, platformName=MAC}]&#10;Session ID: 578b0bcf-b844-664c-bda3-4743bb751114"/>
  </testcase>
  <testcase name="tearDown" classname="com.automationtesting.testcases.PlaceOrderTest" time="0">
    <skipped/>
  </testcase>
</testsuite>